{"name": "test_tc_003_Transaction_withholding", "status": "failed", "statusDetails": {"message": "AssertionError: assert True == False", "trace": "def test_tc_003_Transaction_withholding():\n        print('This is my test case code...')\n        print('Test case is finished ...')\n>       assert actual_result == False\nE       assert True == False\n\nAutomationCases\\test_TC_004_Forth_Test_case.py:19: AssertionError"}, "attachments": [{"name": "stdout", "source": "f3e8350f-74e0-4af9-ad47-4acca0dc5abb-attachment.txt", "type": "text/plain"}], "start": 1674489872623, "stop": 1674489872623, "uuid": "a8ac62f2-4e90-4ef6-9e92-76a05d0d65b9", "historyId": "3ff64556265bdcb5142b1eac384399e3", "testCaseId": "971194f5de662e9d82622297aed2a121", "fullName": "test_TC_004_Forth_Test_case#test_tc_003_Transaction_withholding", "labels": [{"name": "suite", "value": "test_TC_004_Forth_Test_case"}, {"name": "host", "value": "__VK__"}, {"name": "thread", "value": "3560-MainThread"}, {"name": "framework", "value": "pytest"}, {"name": "language", "value": "cpython3"}, {"name": "package", "value": "test_TC_004_Forth_Test_case"}]}