{"name": "test_tc_003_Transaction_withholding", "status": "failed", "statusDetails": {"message": "AssertionError: assert True == False", "trace": "def test_tc_003_Transaction_withholding():\n        print('This is my test case code...')\n        print('Test case is finished ...')\n>       assert actual_result == False\nE       assert True == False\n\nAutomationCases\\test_TC_004_Forth_Test_case.py:19: AssertionError"}, "attachments": [{"name": "stdout", "source": "0daf4216-4045-47a6-8b4c-024d8a63b207-attachment.txt", "type": "text/plain"}], "start": 1674490125621, "stop": 1674490125621, "uuid": "bf496d85-87fa-43bf-b1c0-e42d1461e4db", "historyId": "3ff64556265bdcb5142b1eac384399e3", "testCaseId": "971194f5de662e9d82622297aed2a121", "fullName": "test_TC_004_Forth_Test_case#test_tc_003_Transaction_withholding", "labels": [{"name": "suite", "value": "test_TC_004_Forth_Test_case"}, {"name": "host", "value": "__VK__"}, {"name": "thread", "value": "24868-MainThread"}, {"name": "framework", "value": "pytest"}, {"name": "language", "value": "cpython3"}, {"name": "package", "value": "test_TC_004_Forth_Test_case"}]}